<?xml version="1.0" encoding="UTF-8"?>
<!-- Generated by org.testng.reporters.JUnitReportReporter -->
<testsuite hostname="DESKTOP-4CL0PK3" failures="0" tests="1" name="com.pabb.staarcms.third_partytest.ModifyThirdParty" time="10.561" errors="0" timestamp="2024-09-19T15:47:45 IST" skipped="0">
  <testcase classname="com.pabb.staarcms.third_partytest.ModifyThirdParty" name="modifyThirdParty" time="10.561"/>
</testsuite> <!-- com.pabb.staarcms.third_partytest.ModifyThirdParty -->
