<?xml version="1.0" encoding="UTF-8"?>
<!-- Generated by org.testng.reporters.JUnitReportReporter -->
<testsuite hostname="DESKTOP-4CL0PK3" failures="0" tests="1" name="com.pabb.staarcms.commercetest.CreateProposalAndRejecttest" time="17.092" errors="0" timestamp="2024-09-24T10:54:03 IST" skipped="0">
  <testcase classname="com.pabb.staarcms.commercetest.CreateProposalAndRejecttest" name="CreateProposal" time="17.092"/>
</testsuite> <!-- com.pabb.staarcms.commercetest.CreateProposalAndRejecttest -->
