<?xml version="1.0" encoding="UTF-8"?>
<!-- Generated by org.testng.reporters.JUnitReportReporter -->
<testsuite hostname="DESKTOP-4CL0PK3" failures="0" tests="1" name="com.pabb.staarcms.third_partytest.ModifyThirdPartytest" time="13.285" errors="0" timestamp="2024-09-24T11:00:27 IST" skipped="0">
  <testcase classname="com.pabb.staarcms.third_partytest.ModifyThirdPartytest" name="modifyThirdParty" time="13.285"/>
</testsuite> <!-- com.pabb.staarcms.third_partytest.ModifyThirdPartytest -->
