<?xml version="1.0" encoding="UTF-8"?>
<!-- Generated by org.testng.reporters.JUnitReportReporter -->
<testsuite hostname="DESKTOP-4CL0PK3" failures="0" tests="1" name="com.pabb.staarcms.third_partytest.ListOfCustomers" time="3.433" errors="0" timestamp="2024-09-20T10:45:46 IST" skipped="0">
  <testcase classname="com.pabb.staarcms.third_partytest.ListOfCustomers" name="ListOfCustomer" time="3.433"/>
</testsuite> <!-- com.pabb.staarcms.third_partytest.ListOfCustomers -->
