<?xml version="1.0" encoding="UTF-8"?>
<!-- Generated by org.testng.reporters.JUnitReportReporter -->
<testsuite hostname="DESKTOP-4CL0PK3" failures="0" tests="1" name="com.pabb.staarcms.commercetest.CreateProposalAndReject" time="15.327" errors="0" timestamp="2024-09-23T13:39:44 IST" skipped="0">
  <testcase classname="com.pabb.staarcms.commercetest.CreateProposalAndReject" name="CreateProposal" time="15.327"/>
</testsuite> <!-- com.pabb.staarcms.commercetest.CreateProposalAndReject -->
