<?xml version="1.0" encoding="UTF-8"?>
<!-- Generated by org.testng.reporters.JUnitReportReporter -->
<testsuite hostname="DESKTOP-4CL0PK3" failures="0" tests="1" name="com.pabb.staarcms.shipmentstest.CreateShipmenttest" time="11.300" errors="0" timestamp="2024-09-20T16:22:41 IST" skipped="0">
  <testcase classname="com.pabb.staarcms.shipmentstest.CreateShipmenttest" name="ModifyShipment" time="11.300"/>
</testsuite> <!-- com.pabb.staarcms.shipmentstest.CreateShipmenttest -->
