<?xml version="1.0" encoding="UTF-8"?>
<!-- Generated by org.testng.reporters.JUnitReportReporter -->
<testsuite hostname="DESKTOP-4CL0PK3" failures="0" tests="1" name="com.pabb.staarcms.commercetest.VerifyListOfProposalsinTheDraftStagetest" time="5.970" errors="0" timestamp="2024-09-23T23:33:58 IST" skipped="0">
  <testcase classname="com.pabb.staarcms.commercetest.VerifyListOfProposalsinTheDraftStagetest" name="verifyListOfProposalsinTheDraftStageTest" time="5.970"/>
</testsuite> <!-- com.pabb.staarcms.commercetest.VerifyListOfProposalsinTheDraftStagetest -->
