<?xml version="1.0" encoding="UTF-8"?>
<!-- Generated by org.testng.reporters.JUnitReportReporter -->
<testsuite hostname="DESKTOP-4CL0PK3" failures="0" tests="1" name="com.pabb.staarcms.third_partytest.CreateaThirdPartyasCustomerWithMandatoryFields" time="4.267" errors="0" timestamp="2024-09-20T10:21:36 IST" skipped="0">
  <testcase classname="com.pabb.staarcms.third_partytest.CreateaThirdPartyasCustomerWithMandatoryFields" name="CreateaThirdPartyasCustomerwithMandatoryFields" time="4.267"/>
</testsuite> <!-- com.pabb.staarcms.third_partytest.CreateaThirdPartyasCustomerWithMandatoryFields -->
