<?xml version="1.0" encoding="UTF-8"?>
<!-- Generated by org.testng.reporters.JUnitReportReporter -->
<testsuite hostname="DESKTOP-4CL0PK3" failures="0" tests="1" name="com.pabb.staarcms.third_partytest.CreateShipmenttest" time="11.990" errors="0" timestamp="2024-09-20T00:57:10 IST" skipped="0">
  <testcase classname="com.pabb.staarcms.third_partytest.CreateShipmenttest" name="ModifyShipment" time="11.990"/>
</testsuite> <!-- com.pabb.staarcms.third_partytest.CreateShipmenttest -->
